# JRE version: Java(TM) SE Runtime Environment (8.0_121-b13) (build 1.8.0_121-b13)
# Java VM: Java HotSpot(TM) 64-Bit Server VM (25.121-b13 mixed mode windows-amd64 compressed oops)
Heap:
 PSYoungGen      total 114176K, used 7507K [0x00000000d6000000, 0x00000000dee00000, 0x0000000100000000)
  eden space 96256K, 7% used [0x00000000d6000000,0x00000000d6730cd8,0x00000000dbe00000)
  from space 17920K, 0% used [0x00000000dbe00000,0x00000000dbe24010,0x00000000dcf80000)
  to   space 16896K, 0% used [0x00000000ddd80000,0x00000000ddd80000,0x00000000dee00000)
 ParOldGen       total 329216K, used 251280K [0x0000000082000000, 0x0000000096180000, 0x00000000d6000000)
  object space 329216K, 76% used [0x0000000082000000,0x0000000091564358,0x0000000096180000)
 Metaspace       used 8748K, capacity 8913K, committed 9216K, reserved 1056768K
  class space    used 880K, capacity 959K, committed 1024K, reserved 1048576K
GC Heap History (10 events):
Event: 1.856 GC heap before
{Heap before GC invocations=8 (full 1):
 PSYoungGen      total 81408K, used 59392K [0x00000000d6000000, 0x00000000dc800000, 0x0000000100000000)
  eden space 59392K, 100% used [0x00000000d6000000,0x00000000d9a00000,0x00000000d9a00000)
  from space 22016K, 0% used [0x00000000db280000,0x00000000db280000,0x00000000dc800000)
  to   space 23552K, 0% used [0x00000000d9a00000,0x00000000d9a00000,0x00000000db100000)
 ParOldGen       total 329216K, used 251280K [0x0000000082000000, 0x0000000096180000, 0x00000000d6000000)
  object space 329216K, 76% used [0x0000000082000000,0x0000000091564358,0x0000000096180000)
 Metaspace       used 8344K, capacity 8529K, committed 8576K, reserved 1056768K
  class space    used 836K, capacity 895K, committed 896K, reserved 1048576K
Event: 1.857 GC heap after
Heap after GC invocations=8 (full 1):
 PSYoungGen      total 82944K, used 0K [0x00000000d6000000, 0x00000000dda00000, 0x0000000100000000)
  eden space 59392K, 0% used [0x00000000d6000000,0x00000000d6000000,0x00000000d9a00000)
  from space 23552K, 0% used [0x00000000d9a00000,0x00000000d9a00000,0x00000000db100000)
  to   space 22016K, 0% used [0x00000000dc480000,0x00000000dc480000,0x00000000dda00000)
 ParOldGen       total 329216K, used 251280K [0x0000000082000000, 0x0000000096180000, 0x00000000d6000000)
  object space 329216K, 76% used [0x0000000082000000,0x0000000091564358,0x0000000096180000)
 Metaspace       used 8344K, capacity 8529K, committed 8576K, reserved 1056768K
  class space    used 836K, capacity 895K, committed 896K, reserved 1048576K
}
Event: 1.918 GC heap before
{Heap before GC invocations=9 (full 1):
 PSYoungGen      total 82944K, used 59392K [0x00000000d6000000, 0x00000000dda00000, 0x0000000100000000)
  eden space 59392K, 100% used [0x00000000d6000000,0x00000000d9a00000,0x00000000d9a00000)
  from space 23552K, 0% used [0x00000000d9a00000,0x00000000d9a00000,0x00000000db100000)
  to   space 22016K, 0% used [0x00000000dc480000,0x00000000dc480000,0x00000000dda00000)
 ParOldGen       total 329216K, used 251280K [0x0000000082000000, 0x0000000096180000, 0x00000000d6000000)
  object space 329216K, 76% used [0x0000000082000000,0x0000000091564358,0x0000000096180000)
 Metaspace       used 8344K, capacity 8529K, committed 8576K, reserved 1056768K
  class space    used 836K, capacity 895K, committed 896K, reserved 1048576K
Event: 1.919 GC heap after
Heap after GC invocations=9 (full 1):
 PSYoungGen      total 99840K, used 0K [0x00000000d6000000, 0x00000000dd700000, 0x0000000100000000)
  eden space 80896K, 0% used [0x00000000d6000000,0x00000000d6000000,0x00000000daf00000)
  from space 18944K, 0% used [0x00000000dc480000,0x00000000dc480000,0x00000000dd700000)
  to   space 20480K, 0% used [0x00000000daf00000,0x00000000daf00000,0x00000000dc300000)
 ParOldGen       total 329216K, used 251280K [0x0000000082000000, 0x0000000096180000, 0x00000000d6000000)
  object space 329216K, 76% used [0x0000000082000000,0x0000000091564358,0x0000000096180000)
 Metaspace       used 8344K, capacity 8529K, committed 8576K, reserved 1056768K
  class space    used 836K, capacity 895K, committed 896K, reserved 1048576K
}
Event: 2.014 GC heap before
{Heap before GC invocations=10 (full 1):
 PSYoungGen      total 99840K, used 80896K [0x00000000d6000000, 0x00000000dd700000, 0x0000000100000000)
  eden space 80896K, 100% used [0x00000000d6000000,0x00000000daf00000,0x00000000daf00000)
  from space 18944K, 0% used [0x00000000dc480000,0x00000000dc480000,0x00000000dd700000)
  to   space 20480K, 0% used [0x00000000daf00000,0x00000000daf00000,0x00000000dc300000)
 ParOldGen       total 329216K, used 251280K [0x0000000082000000, 0x0000000096180000, 0x00000000d6000000)
  object space 329216K, 76% used [0x0000000082000000,0x0000000091564358,0x0000000096180000)
 Metaspace       used 8344K, capacity 8529K, committed 8576K, reserved 1056768K
  class space    used 836K, capacity 895K, committed 896K, reserved 1048576K
Event: 2.015 GC heap after
Heap after GC invocations=10 (full 1):
 PSYoungGen      total 101376K, used 0K [0x00000000d6000000, 0x00000000de400000, 0x0000000100000000)
  eden space 80896K, 0% used [0x00000000d6000000,0x00000000d6000000,0x00000000daf00000)
  from space 20480K, 0% used [0x00000000daf00000,0x00000000daf00000,0x00000000dc300000)
  to   space 18944K, 0% used [0x00000000dd180000,0x00000000dd180000,0x00000000de400000)
 ParOldGen       total 329216K, used 251280K [0x0000000082000000, 0x0000000096180000, 0x00000000d6000000)
  object space 329216K, 76% used [0x0000000082000000,0x0000000091564358,0x0000000096180000)
 Metaspace       used 8344K, capacity 8529K, committed 8576K, reserved 1056768K
  class space    used 836K, capacity 895K, committed 896K, reserved 1048576K
}
Event: 2.097 GC heap before
{Heap before GC invocations=11 (full 1):
 PSYoungGen      total 101376K, used 80896K [0x00000000d6000000, 0x00000000de400000, 0x0000000100000000)
  eden space 80896K, 100% used [0x00000000d6000000,0x00000000daf00000,0x00000000daf00000)
  from space 20480K, 0% used [0x00000000daf00000,0x00000000daf00000,0x00000000dc300000)
  to   space 18944K, 0% used [0x00000000dd180000,0x00000000dd180000,0x00000000de400000)
 ParOldGen       total 329216K, used 251280K [0x0000000082000000, 0x0000000096180000, 0x00000000d6000000)
  object space 329216K, 76% used [0x0000000082000000,0x0000000091564358,0x0000000096180000)
 Metaspace       used 8344K, capacity 8529K, committed 8576K, reserved 1056768K
  class space    used 836K, capacity 895K, committed 896K, reserved 1048576K
Event: 2.098 GC heap after
Heap after GC invocations=11 (full 1):
 PSYoungGen      total 112128K, used 0K [0x00000000d6000000, 0x00000000de100000, 0x0000000100000000)
  eden space 96256K, 0% used [0x00000000d6000000,0x00000000d6000000,0x00000000dbe00000)
  from space 15872K, 0% used [0x00000000dd180000,0x00000000dd180000,0x00000000de100000)
  to   space 17920K, 0% used [0x00000000dbe00000,0x00000000dbe00000,0x00000000dcf80000)
 ParOldGen       total 329216K, used 251280K [0x0000000082000000, 0x0000000096180000, 0x00000000d6000000)
  object space 329216K, 76% used [0x0000000082000000,0x0000000091564358,0x0000000096180000)
 Metaspace       used 8344K, capacity 8529K, committed 8576K, reserved 1056768K
  class space    used 836K, capacity 895K, committed 896K, reserved 1048576K
}
Event: 2.624 GC heap before
{Heap before GC invocations=12 (full 1):
 PSYoungGen      total 112128K, used 96256K [0x00000000d6000000, 0x00000000de100000, 0x0000000100000000)
  eden space 96256K, 100% used [0x00000000d6000000,0x00000000dbe00000,0x00000000dbe00000)
  from space 15872K, 0% used [0x00000000dd180000,0x00000000dd180000,0x00000000de100000)
  to   space 17920K, 0% used [0x00000000dbe00000,0x00000000dbe00000,0x00000000dcf80000)
 ParOldGen       total 329216K, used 251280K [0x0000000082000000, 0x0000000096180000, 0x00000000d6000000)
  object space 329216K, 76% used [0x0000000082000000,0x0000000091564358,0x0000000096180000)
 Metaspace       used 8395K, capacity 8561K, committed 8704K, reserved 1056768K
  class space    used 841K, capacity 927K, committed 1024K, reserved 1048576K
Event: 2.625 GC heap after
Heap after GC invocations=12 (full 1):
 PSYoungGen      total 114176K, used 144K [0x00000000d6000000, 0x00000000dee00000, 0x0000000100000000)
  eden space 96256K, 0% used [0x00000000d6000000,0x00000000d6000000,0x00000000dbe00000)
  from space 17920K, 0% used [0x00000000dbe00000,0x00000000dbe24010,0x00000000dcf80000)
  to   space 16896K, 0% used [0x00000000ddd80000,0x00000000ddd80000,0x00000000dee00000)
 ParOldGen       total 329216K, used 251280K [0x0000000082000000, 0x0000000096180000, 0x00000000d6000000)
  object space 329216K, 76% used [0x0000000082000000,0x0000000091564358,0x0000000096180000)
 Metaspace       used 8395K, capacity 8561K, committed 8704K, reserved 1056768K
  class space    used 841K, capacity 927K, committed 1024K, reserved 1048576K
}

